Determining if the function pthread_create exists in the pthreads failed with the following output:
Change Dir: /home/oai/mirco_service_5Gcorenetwork/build/hss/build/CMakeFiles/CMakeTmp

Run Build Command:"/usr/bin/make" "cmTC_06248/fast"
/usr/bin/make -f CMakeFiles/cmTC_06248.dir/build.make CMakeFiles/cmTC_06248.dir/build
make[1]: Entering directory '/home/oai/mirco_service_5Gcorenetwork/build/hss/build/CMakeFiles/CMakeTmp'
Building C object CMakeFiles/cmTC_06248.dir/CheckFunctionExists.c.o
/usr/bin/cc    -msse4.2 -std=gnu99 -Wall -Wstrict-prototypes -fno-strict-aliasing -rdynamic -funroll-loops -Wno-packed-bitfield-compat -DCMAKER -DCHECK_FUNCTION_EXISTS=pthread_create   -o CMakeFiles/cmTC_06248.dir/CheckFunctionExists.c.o   -c /usr/share/cmake-3.5/Modules/CheckFunctionExists.c
/usr/share/cmake-3.5/Modules/CheckFunctionExists.c:6:1: warning: function declaration isn’t a prototype [-Wstrict-prototypes]
 char CHECK_FUNCTION_EXISTS();
 ^
Linking C executable cmTC_06248
/usr/bin/cmake -E cmake_link_script CMakeFiles/cmTC_06248.dir/link.txt --verbose=1
/usr/bin/cc   -msse4.2 -std=gnu99 -Wall -Wstrict-prototypes -fno-strict-aliasing -rdynamic -funroll-loops -Wno-packed-bitfield-compat -DCMAKER -DCHECK_FUNCTION_EXISTS=pthread_create    CMakeFiles/cmTC_06248.dir/CheckFunctionExists.c.o  -o cmTC_06248 -rdynamic -lpthreads 
/usr/bin/ld: cannot find -lpthreads
collect2: error: ld returned 1 exit status
CMakeFiles/cmTC_06248.dir/build.make:97: recipe for target 'cmTC_06248' failed
make[1]: *** [cmTC_06248] Error 1
make[1]: Leaving directory '/home/oai/mirco_service_5Gcorenetwork/build/hss/build/CMakeFiles/CMakeTmp'
Makefile:126: recipe for target 'cmTC_06248/fast' failed
make: *** [cmTC_06248/fast] Error 2


